
-----------  start log at Fri May  3 13:35:44 2024----------
Pronounce> 	HANDDICT => test/hand.dict
Pronounce> 	OUTDIR => test
Pronounce> 	LOGFILE => test/pronunciation.log
Pronounce> 	WORDFILE => test/example
Pronounce> 	LEXICON => cmudict_SPHINX_40
Pronounce> 	FORCE => 0
Pronounce> 	LEXILIB => ../MakeDict/lib
Pronounce> 	SOURCE => loc
Pronounce> 	OUTFILE => test/example.dict
Pronounce> 	PRONOUNCE => ../MakeDict/bin/x86-linux/pronounce
Pronounce> -P40 -r ../MakeDict/lib -d cmudict_SPHINX_40 -i test/example -o test/example.dict -e test/pronunciation.log -v -H test/hand.dict

-----------  start log at Fri May  3 13:36:01 2024----------
Pronounce> 	LEXICON => cmudict_SPHINX_40
Pronounce> 	LOGFILE => test/pronunciation.log
Pronounce> 	WORDFILE => test/example
Pronounce> 	LEXILIB => ../MakeDict/lib
Pronounce> 	FORCE => 0
Pronounce> 	OUTDIR => test
Pronounce> 	SOURCE => loc
Pronounce> 	HANDDICT => test/hand.dict
Pronounce> 	PRONOUNCE => ../MakeDict/bin/x86-linux/pronounce
Pronounce> 	OUTFILE => test/example.dict
Pronounce> -P40 -r ../MakeDict/lib -d cmudict_SPHINX_40 -i test/example -o test/example.dict -e test/pronunciation.log -v -H test/hand.dict

-----------  start log at Fri May  3 13:36:05 2024----------
Pronounce> 	LOGFILE => test/pronunciation.log
Pronounce> 	PRONOUNCE => ../MakeDict/bin/x86-linux/pronounce
Pronounce> 	WORDFILE => test/example
Pronounce> 	SOURCE => loc
Pronounce> 	OUTDIR => test
Pronounce> 	LEXICON => cmudict_SPHINX_40
Pronounce> 	FORCE => 0
Pronounce> 	OUTFILE => test/example.dict
Pronounce> 	HANDDICT => test/hand.dict
Pronounce> 	LEXILIB => ../MakeDict/lib
Pronounce> -P40 -r ../MakeDict/lib -d cmudict_SPHINX_40 -i test/example -o test/example.dict -e test/pronunciation.log -v -H test/hand.dict

-----------  start log at Fri May  3 13:36:08 2024----------
Pronounce> 	LEXICON => cmudict_SPHINX_40
Pronounce> 	SOURCE => loc
Pronounce> 	OUTDIR => test
Pronounce> 	PRONOUNCE => ../MakeDict/bin/x86-linux/pronounce
Pronounce> 	LEXILIB => ../MakeDict/lib
Pronounce> 	HANDDICT => test/hand.dict
Pronounce> 	WORDFILE => test/example
Pronounce> 	OUTFILE => test/example.dict
Pronounce> 	LOGFILE => test/pronunciation.log
Pronounce> 	FORCE => 0
Pronounce> -P40 -r ../MakeDict/lib -d cmudict_SPHINX_40 -i test/example -o test/example.dict -e test/pronunciation.log -v -H test/hand.dict
